INFO:sim:172 - Generating IP...
Applying current project options...
Finished applying current project options.
WARNING:sim - A core named 'instMem_ip' already exists in the project. Output
   products for this core may be overwritten.
Resolving generics for 'instMem_ip'...
WARNING:sim - A core named 'instMem_ip' already exists in the project. Output
   products for this core may be overwritten.
Applying external generics to 'instMem_ip'...
Delivering associated files for 'instMem_ip'...
Delivering EJava files for 'instMem_ip'...
Generating implementation netlist for 'instMem_ip'...
INFO:sim - Pre-processing HDL files for 'instMem_ip'...
Running synthesis for 'instMem_ip'
Running ngcbuild...
Writing VEO instantiation template for 'instMem_ip'...
Writing Verilog behavioral simulation model for 'instMem_ip'...
WARNING:sim - Overwriting existing file
   E:/HDL/MipsCPU/ipcore_dir/tmp/_cg/instMem_ip/doc/dist_mem_gen_v7_2_vinfo.html
   with file from view xilinx_documentation
Delivered 2 files into directory E:/HDL/MipsCPU/ipcore_dir/tmp/_cg/instMem_ip
Generating ASY schematic symbol...
INFO:sim:949 - Finished generation of ASY schematic symbol.
Generating SYM schematic symbol for 'instMem_ip'...
Generating metadata file...
Regenerating ISE project file for 'instMem_ip'...
Generating ISE project...
XCO file found: instMem_ip.xco
XMDF file found: instMem_ip_xmdf.tcl
Adding E:/HDL/MipsCPU/ipcore_dir/tmp/_cg/instMem_ip.asy -view all -origin_type
imported
Adding E:/HDL/MipsCPU/ipcore_dir/tmp/_cg/instMem_ip.ngc -view all -origin_type
created
Checking file "E:/HDL/MipsCPU/ipcore_dir/tmp/_cg/instMem_ip.ngc" for project
device match ...
File "E:/HDL/MipsCPU/ipcore_dir/tmp/_cg/instMem_ip.ngc" device information
matches project device.
Adding E:/HDL/MipsCPU/ipcore_dir/tmp/_cg/instMem_ip.sym -view all -origin_type
imported
Adding E:/HDL/MipsCPU/ipcore_dir/tmp/_cg/instMem_ip.v -view all -origin_type
created
INFO:HDLCompiler:1845 - Analyzing Verilog file
   "E:/HDL/MipsCPU/ipcore_dir/tmp/_cg/instMem_ip.v" into library work
INFO:ProjectMgmt - Parsing design hierarchy completed successfully.
Adding E:/HDL/MipsCPU/ipcore_dir/tmp/_cg/instMem_ip.veo -view all -origin_type
imported
INFO:TclTasksC:2116 - The automatic calculation of top has been turned-off.
   Please set the new top explicitly by running the "project set top" command.
   To re-calculate the new top automatically, set the "Auto Implementation Top"
   property to true.
Top level has been set to "/instMem_ip"
Generating README file...
Generating FLIST file...
INFO:sim:948 - Finished FLIST file generation.
Launching README viewer...
Moving files to output directory...
Finished moving files to output directory
Wrote CGP file for project 'instMem_ip'.
